<?xml version="1.0" encoding="UTF-8"?>
<testsuite xmlns:xsi="http://www.w3.org/2001/XMLSchema-instance" xsi:noNamespaceSchemaLocation="https://maven.apache.org/surefire/maven-surefire-plugin/xsd/surefire-test-report.xsd" name="bankaccountTest" time="0.077" tests="10" errors="0" skipped="8" failures="0">
  <properties>
[...]
</properties>
  <testcase name="isstillequal" classname="bankaccountTest" time="0">
    <skipped message="public void bankaccountTest.isstillequal() is @Disabled"/>
  </testcase>
  <testcase name="istrue" classname="bankaccountTest" time="0">
    <skipped message="public void bankaccountTest.istrue() is @Disabled"/>
  </testcase>
  <testcase name="withZero" classname="bankaccountTest" time="0">
    <skipped message="public void bankaccountTest.withZero() is @Disabled"/>
  </testcase>
  <testcase name="isnotsame" classname="bankaccountTest" time="0">
    <skipped message="public void bankaccountTest.isnotsame() is @Disabled"/>
  </testcase>
  <testcase name="allassert" classname="bankaccountTest" time="0.049"/>
  <testcase name="testcalculateYearlyInterest" classname="bankaccountTest" time="0"/>
  <testcase name="notequal" classname="bankaccountTest" time="0">
    <skipped message="public void bankaccountTest.notequal() is @Disabled"/>
  </testcase>
  <testcase name="isequal" classname="bankaccountTest" time="0">
    <skipped message="public void bankaccountTest.isequal() is @Disabled"/>
  </testcase>
  <testcase name="isfalse" classname="bankaccountTest" time="0">
    <skipped message="public void bankaccountTest.isfalse() is @Disabled"/>
  </testcase>
  <testcase name="notNull" classname="bankaccountTest" time="0">
    <skipped message="public void bankaccountTest.notNull() is @Disabled"/>
  </testcase>
</testsuite>